
Processing StandardBayesianNumericalDemo.C++...
Info in <TUnixSystem::ACLiC>: creating shared library /data1/avenkate/JpsiLambda_RESTART/scripts/./StandardBayesianNumericalDemo_C.so

[1mRooFit v3.60 -- Developed by Wouter Verkerke and David Kirkby[0m 
                Copyright (C) 2000-2013 NIKHEF, University of California & Stanford University
                All rights reserved, please read http://roofit.sourceforge.net/license.txt

[#1] INFO:ObjectHandling -- RooWorkspace::import(w) importing RooUniform::prior
[#1] INFO:Minization -- p.d.f. provides expected number of events, including extended term in likelihood.
[#1] INFO:Minization -- createNLL: caching constraint set under name CONSTR_OF_PDF_model_const_FOR_OBS_bMass with 3 entries
[#1] INFO:Minization --  Including the following contraint terms in minimization: (sigmaEff_constraint,lambdaEff_constraint,nXib_constraint)
[#1] INFO:Minization -- The following global observables have been defined: (gsigmaEff,glambdaEff,gnXib)
[#1] INFO:Eval -- BayesianCalculator::GetPosteriorFunction :  nll value -93553 poi value = -6
[#1] INFO:Eval -- BayesianCalculator::GetPosteriorFunction : minimum of NLL vs POI for POI =  -10 min NLL = -93553
[#1] INFO:InputArguments -- BayesianCalculator:GetInterval Compute the interval from the posterior cdf 
Warning in <ROOT::Math::AdaptiveIntegratorMultiDim::Integral>: Wrong function dimension; n = 16
[#1] INFO:NumericIntegration -- PosteriorCdfFunction - integral of posterior = 0 +/- 0
Warning in <ROOT::Math::AdaptiveIntegratorMultiDim::Integral>: Wrong function dimension; n = 16
Error in <GSLError>: Error 9 in brent.c at 202 : function value is not finite
Error in <ROOT::Math::GSLRootFinder::Solve>: error returned when performing an iteration
[#0] ERROR:NumericIntegration -- BayesianCalculator::GetInterval - Error from root finder when searching upper limit !
[#0] WARNING:Eval -- BayesianCalculator::GetInterval - computing integral from cdf failed - do a scan in 100 nbins 
[#1] INFO:Eval -- BayesianCalculator - scan posterior function in nbins = 100
