
Processing MASTER.C...
***********Starting TrainIsolation***********
logFile = isolationTraining_LL_v0_log.txt
Info in <TUnixSystem::ACLiC>: creating shared library /data1/avenkate/JpsiLambda_RESTART/scripts/./ApplyIsolation_C.so
***********Starting ApplyIsolation***********
WD = /data1/avenkate/JpsiLambda_RESTART
logFile = isoApplication_LL_v0_conf1_log.txt
***********Starting ApplyIsolation***********
WD = /data1/avenkate/JpsiLambda_RESTART
logFile = isoApplication_LL_v0_conf1_log.txt
Info in <TUnixSystem::ACLiC>: creating shared library /data1/avenkate/JpsiLambda_RESTART/scripts/./TrainFinalBDT_C.so
***********Starting TrainFinalBDT***********
***********Starting TrainFinalBDT***********
Info in <TUnixSystem::ACLiC>: creating shared library /data1/avenkate/JpsiLambda_RESTART/scripts/./ApplyFinalBDT_C.so
***********Starting ApplyFinalBDT***********
logFile = finalBDT1Application_LL_iso1_v0.txt
WD = /data1/avenkate/JpsiLambda_RESTART
***********Starting ApplyFinalBDT***********
logFile = finalBDT1Application_LL_iso1_v0.txt
WD = /data1/avenkate/JpsiLambda_RESTART
