
Processing MASTER_JpsiXi_Run2.C...
Fri Jan 25 12:38:33 EST 2019
Processing Run 2
Processing 2015
Processing 2016
Info in <TUnixSystem::ACLiC>: creating shared library /data1/avenkate/JpsiLambda_RESTART/./scripts/CollateFiles_JpsiXi_C.so
Info in <ACLiC>: unmodified script has already been compiled and loaded
Processing 2017
Info in <ACLiC>: unmodified script has already been compiled and loaded
Info in <ACLiC>: unmodified script has already been compiled and loaded
Info in <ACLiC>: it will be regenerated and reloaded!
Info in <TUnixSystem::ACLiC>: creating shared library /data1/avenkate/JpsiLambda_RESTART/./scripts/CollateFiles_JpsiXi_C.so
sh: -c: line 0: unexpected EOF while looking for matching `"'
sh: -c: line 1: syntax error: unexpected end of file
Error in <ACLiC>: Compilation failed!
Info in <ACLiC>: unmodified script has already been compiled and loaded
Processing 2018
Info in <ACLiC>: unmodified script has already been compiled and loaded
Info in <TUnixSystem::ACLiC>: creating shared library /data1/avenkate/JpsiLambda_RESTART/./scripts/CollateFiles_JpsiXi_C.so
sh: -c: line 0: unexpected EOF while looking for matching `"'
sh: -c: line 1: syntax error: unexpected end of file
Error in <ACLiC>: Compilation failed!
Info in <ACLiC>: unmodified script has already been compiled and loaded
==> MASTER_JpsiXi is done! Huzzah!: Real time 15:10:12, CP time 52377.920
