
Processing MASTER_FIXED.C...
*******PROCESSING RUN 1 MC TYPE 1********
Info in <TUnixSystem::ACLiC>: creating shared library /data1/avenkate/JpsiLambda_RESTART/./scripts/CollateFiles_C.so
*******PROCESSING RUN 2 MC TYPE 1********
Info in <ACLiC>: unmodified script has already been compiled and loaded
Info in <ACLiC>: it will be regenerated and reloaded!
Info in <TUnixSystem::ACLiC>: creating shared library /data1/avenkate/JpsiLambda_RESTART/./scripts/CollateFiles_C.so
sh: -c: line 0: unexpected EOF while looking for matching `"'
sh: -c: line 1: syntax error: unexpected end of file
Error in <ACLiC>: Compilation failed!
*******PROCESSING RUN 1 MC TYPE 2********
Info in <TUnixSystem::ACLiC>: creating shared library /data1/avenkate/JpsiLambda_RESTART/./scripts/CollateFiles_C.so
sh: -c: line 0: unexpected EOF while looking for matching `"'
sh: -c: line 1: syntax error: unexpected end of file
Error in <ACLiC>: Compilation failed!
*******PROCESSING RUN 2 MC TYPE 2********
Info in <TUnixSystem::ACLiC>: creating shared library /data1/avenkate/JpsiLambda_RESTART/./scripts/CollateFiles_C.so
sh: -c: line 0: unexpected EOF while looking for matching `"'
sh: -c: line 1: syntax error: unexpected end of file
Error in <ACLiC>: Compilation failed!
*******PROCESSING RUN 1 MC TYPE 3********
Info in <TUnixSystem::ACLiC>: creating shared library /data1/avenkate/JpsiLambda_RESTART/./scripts/CollateFiles_C.so
sh: -c: line 0: unexpected EOF while looking for matching `"'
sh: -c: line 1: syntax error: unexpected end of file
Error in <ACLiC>: Compilation failed!
*******PROCESSING RUN 2 MC TYPE 3********
Info in <TUnixSystem::ACLiC>: creating shared library /data1/avenkate/JpsiLambda_RESTART/./scripts/CollateFiles_C.so
sh: -c: line 0: unexpected EOF while looking for matching `"'
sh: -c: line 1: syntax error: unexpected end of file
Error in <ACLiC>: Compilation failed!
